<?xml version="1.0" encoding="UTF-8"?>
<testsuite name="com.mysite.sbb.SbbApplicationTests" tests="1" skipped="0" failures="0" errors="0" timestamp="2025-09-10T00:32:36.792Z" hostname="yej-ui-MacBookAir.local" time="0.294">
  <properties/>
  <testcase name="testJpa10()" classname="com.mysite.sbb.SbbApplicationTests" time="0.294"/>
  <system-out><![CDATA[09:32:35.148 [Test worker] INFO org.springframework.test.context.support.AnnotationConfigContextLoaderUtils -- Could not detect default configuration classes for test class [com.mysite.sbb.SbbApplicationTests]: SbbApplicationTests does not declare any static, non-private, non-final, nested classes annotated with @Configuration.
09:32:35.204 [Test worker] INFO org.springframework.boot.test.context.SpringBootTestContextBootstrapper -- Found @SpringBootConfiguration com.mysite.sbb.SbbApplication for test class com.mysite.sbb.SbbApplicationTests

  .   ____          _            __ _ _
 /\\ / ___'_ __ _ _(_)_ __  __ _ \ \ \ \
( ( )\___ | '_ | '_| | '_ \/ _` | \ \ \ \
 \\/  ___)| |_)| | | | | || (_| |  ) ) ) )
  '  |____| .__|_| |_|_| |_\__, | / / / /
 =========|_|==============|___/=/_/_/_/

?[32m :: Spring Boot :: ?[39m              ?[2m (v3.5.5)?[0;39m

?[2m2025-09-10T09:32:35.400+09:00?[0;39m ?[32m INFO?[0;39m ?[35m94118?[0;39m ?[2m--- [sbb] [    Test worker] ?[0;39m?[36mcom.mysite.sbb.SbbApplicationTests      ?[0;39m ?[2m:?[0;39m Starting SbbApplicationTests using Java 21.0.2 with PID 94118 (started by yeaji in /Users/yeaji/IdeaProjects/p-14518-mission-1-main)
?[2m2025-09-10T09:32:35.401+09:00?[0;39m ?[32m INFO?[0;39m ?[35m94118?[0;39m ?[2m--- [sbb] [    Test worker] ?[0;39m?[36mcom.mysite.sbb.SbbApplicationTests      ?[0;39m ?[2m:?[0;39m The following 1 profile is active: "dev"
?[2m2025-09-10T09:32:35.645+09:00?[0;39m ?[32m INFO?[0;39m ?[35m94118?[0;39m ?[2m--- [sbb] [    Test worker] ?[0;39m?[36m.s.d.r.c.RepositoryConfigurationDelegate?[0;39m ?[2m:?[0;39m Bootstrapping Spring Data JPA repositories in DEFAULT mode.
?[2m2025-09-10T09:32:35.665+09:00?[0;39m ?[32m INFO?[0;39m ?[35m94118?[0;39m ?[2m--- [sbb] [    Test worker] ?[0;39m?[36m.s.d.r.c.RepositoryConfigurationDelegate?[0;39m ?[2m:?[0;39m Finished Spring Data repository scanning in 16 ms. Found 2 JPA repository interfaces.
?[2m2025-09-10T09:32:35.817+09:00?[0;39m ?[32m INFO?[0;39m ?[35m94118?[0;39m ?[2m--- [sbb] [    Test worker] ?[0;39m?[36mo.hibernate.jpa.internal.util.LogHelper ?[0;39m ?[2m:?[0;39m HHH000204: Processing PersistenceUnitInfo [name: default]
?[2m2025-09-10T09:32:35.837+09:00?[0;39m ?[32m INFO?[0;39m ?[35m94118?[0;39m ?[2m--- [sbb] [    Test worker] ?[0;39m?[36morg.hibernate.Version                   ?[0;39m ?[2m:?[0;39m HHH000412: Hibernate ORM core version 6.6.26.Final
?[2m2025-09-10T09:32:35.849+09:00?[0;39m ?[32m INFO?[0;39m ?[35m94118?[0;39m ?[2m--- [sbb] [    Test worker] ?[0;39m?[36mo.h.c.internal.RegionFactoryInitiator   ?[0;39m ?[2m:?[0;39m HHH000026: Second-level cache disabled
?[2m2025-09-10T09:32:35.968+09:00?[0;39m ?[32m INFO?[0;39m ?[35m94118?[0;39m ?[2m--- [sbb] [    Test worker] ?[0;39m?[36mo.s.o.j.p.SpringPersistenceUnitInfo     ?[0;39m ?[2m:?[0;39m No LoadTimeWeaver setup: ignoring JPA class transformer
?[2m2025-09-10T09:32:35.980+09:00?[0;39m ?[32m INFO?[0;39m ?[35m94118?[0;39m ?[2m--- [sbb] [    Test worker] ?[0;39m?[36mcom.zaxxer.hikari.HikariDataSource      ?[0;39m ?[2m:?[0;39m HikariPool-1 - Starting...
?[2m2025-09-10T09:32:36.077+09:00?[0;39m ?[32m INFO?[0;39m ?[35m94118?[0;39m ?[2m--- [sbb] [    Test worker] ?[0;39m?[36mcom.zaxxer.hikari.pool.HikariPool       ?[0;39m ?[2m:?[0;39m HikariPool-1 - Added connection conn0: url=jdbc:h2:./db_dev user=SA
?[2m2025-09-10T09:32:36.078+09:00?[0;39m ?[32m INFO?[0;39m ?[35m94118?[0;39m ?[2m--- [sbb] [    Test worker] ?[0;39m?[36mcom.zaxxer.hikari.HikariDataSource      ?[0;39m ?[2m:?[0;39m HikariPool-1 - Start completed.
?[2m2025-09-10T09:32:36.103+09:00?[0;39m ?[32m INFO?[0;39m ?[35m94118?[0;39m ?[2m--- [sbb] [    Test worker] ?[0;39m?[36morg.hibernate.orm.connections.pooling   ?[0;39m ?[2m:?[0;39m HHH10001005: Database info:
	Database JDBC URL [Connecting through datasource 'HikariDataSource (HikariPool-1)']
	Database driver: undefined/unknown
	Database version: 2.3.232
	Autocommit mode: undefined/unknown
	Isolation level: undefined/unknown
	Minimum pool size: undefined/unknown
	Maximum pool size: undefined/unknown
?[2m2025-09-10T09:32:36.459+09:00?[0;39m ?[32m INFO?[0;39m ?[35m94118?[0;39m ?[2m--- [sbb] [    Test worker] ?[0;39m?[36mo.h.e.t.j.p.i.JtaPlatformInitiator      ?[0;39m ?[2m:?[0;39m HHH000489: No JTA platform available (set 'hibernate.transaction.jta.platform' to enable JTA platform integration)
?[2m2025-09-10T09:32:36.481+09:00?[0;39m ?[32m INFO?[0;39m ?[35m94118?[0;39m ?[2m--- [sbb] [    Test worker] ?[0;39m?[36mj.LocalContainerEntityManagerFactoryBean?[0;39m ?[2m:?[0;39m Initialized JPA EntityManagerFactory for persistence unit 'default'
?[2m2025-09-10T09:32:36.533+09:00?[0;39m ?[33m WARN?[0;39m ?[35m94118?[0;39m ?[2m--- [sbb] [    Test worker] ?[0;39m?[36mJpaBaseConfiguration$JpaWebConfiguration?[0;39m ?[2m:?[0;39m spring.jpa.open-in-view is enabled by default. Therefore, database queries may be performed during view rendering. Explicitly configure spring.jpa.open-in-view to disable this warning
?[2m2025-09-10T09:32:36.785+09:00?[0;39m ?[32m INFO?[0;39m ?[35m94118?[0;39m ?[2m--- [sbb] [    Test worker] ?[0;39m?[36mcom.mysite.sbb.SbbApplicationTests      ?[0;39m ?[2m:?[0;39m Started SbbApplicationTests in 1.517 seconds (process running for 1.995)
?[35m[Hibernate]?[0m 
    ?[34mselect?[0m
        a1_0.id,
        a1_0.content,
        a1_0.create_date,
        q1_0.id,
        q1_0.content,
        q1_0.create_date,
        q1_0.subject 
    ?[34mfrom?[0m
        answer a1_0 
    ?[34mleft?[0m ?[34mjoin?[0m
        question q1_0 
            ?[34mon?[0m q1_0.id=a1_0.question_id 
    ?[34mwhere?[0m
        a1_0.id=?
]]></system-out>
  <system-err><![CDATA[Mockito is currently self-attaching to enable the inline-mock-maker. This will no longer work in future releases of the JDK. Please add Mockito as an agent to your build as described in Mockito's documentation: https://javadoc.io/doc/org.mockito/mockito-core/latest/org.mockito/org/mockito/Mockito.html#0.3
WARNING: A Java agent has been loaded dynamically (/Users/yeaji/.gradle/caches/modules-2/files-2.1/net.bytebuddy/byte-buddy-agent/1.17.7/fbf3d6d649ed37fc9e9c59480a05be0a26e3c2da/byte-buddy-agent-1.17.7.jar)
WARNING: If a serviceability tool is in use, please run with -XX:+EnableDynamicAgentLoading to hide this warning
WARNING: If a serviceability tool is not in use, please run with -Djdk.instrument.traceUsage for more information
WARNING: Dynamic loading of agents will be disallowed by default in a future release
]]></system-err>
</testsuite>
